<?xml version="1.0" encoding="UTF-8"?>
<testng-results ignored="0" total="1" passed="1" failed="0" skipped="0">
  <reporter-output>
  </reporter-output>
  <suite started-at="2021-06-28T21:57:04 BST" name="Default suite" finished-at="2021-06-28T21:57:07 BST" duration-ms="3368">
    <groups>
    </groups>
    <test started-at="2021-06-28T21:57:04 BST" name="Default test" finished-at="2021-06-28T21:57:07 BST" duration-ms="3368">
      <class name="getAllValuesUsingJsonNode.GetAllValuesFromNestedJsonUsingJsonNode">
        <test-method signature="getAllValuesFromNestedJSON()[pri:0, instance:getAllValuesUsingJsonNode.GetAllValuesFromNestedJsonUsingJsonNode@49c7b90e]" started-at="2021-06-28T21:57:04 BST" name="getAllValuesFromNestedJSON" finished-at="2021-06-28T21:57:07 BST" duration-ms="3328" status="PASS">
          <reporter-output>
          </reporter-output>
        </test-method> <!-- getAllValuesFromNestedJSON -->
      </class> <!-- getAllValuesUsingJsonNode.GetAllValuesFromNestedJsonUsingJsonNode -->
    </test> <!-- Default test -->
  </suite> <!-- Default suite -->
</testng-results>
